<?xml version="1.0" encoding="UTF-8"?>
<!-- Generated by org.testng.reporters.JUnitReportReporter -->
<testsuite hostname="Amits-MacBook-Air.local" failures="0" tests="5" name="com.qa.freecrm.tests.ContactsPageTest" time="9.106" errors="0" timestamp="07 Sep 2020 17:55:53 GMT" skipped="2">
  <testcase classname="com.qa.freecrm.tests.ContactsPageTest" name="loginToApplication" time="4.107"/>
  <testcase classname="com.qa.freecrm.tests.ContactsPageTest" name="clickOnContact" time="1.315"/>
  <testcase classname="com.qa.freecrm.tests.ContactsPageTest" name="SearchContactByName" time="3.684"/>
  <testcase classname="com.qa.freecrm.tests.ContactsPageTest" name="ratingTest">
    <skipped/>
  </testcase> <!-- ratingTest -->
  <testcase classname="com.qa.freecrm.tests.ContactsPageTest" name="validateCreateNewContact">
    <skipped/>
  </testcase> <!-- validateCreateNewContact -->
</testsuite> <!-- com.qa.freecrm.tests.ContactsPageTest -->
