<?xml version="1.0" encoding="UTF-8"?>
<!-- Generated by org.testng.reporters.JUnitReportReporter -->
<testsuite hostname="Amits-MacBook-Air.local" failures="0" tests="2" name="com.qa.orangehrm.tests.LoginScenarios" time="5.571" errors="0" timestamp="29 Aug 2020 02:57:53 GMT" skipped="0">
  <testcase classname="com.qa.orangehrm.tests.LoginScenarios" name="verifyPage" time="0.761"/>
  <testcase classname="com.qa.orangehrm.tests.LoginScenarios" name="loginToApplication" time="4.810"/>
</testsuite> <!-- com.qa.orangehrm.tests.LoginScenarios -->
