<?xml version="1.0" encoding="UTF-8"?>
<!-- Generated by org.testng.reporters.JUnitReportReporter -->
<testsuite hostname="Amits-MacBook-Air.local" failures="0" tests="2" name="com.qa.freecrm.tests.LoginPageTest" time="7.941" errors="0" timestamp="07 Sep 2020 23:39:26 GMT" skipped="0">
  <testcase classname="com.qa.freecrm.tests.LoginPageTest" name="loginToApplication" time="5.325"/>
  <testcase classname="com.qa.freecrm.tests.LoginPageTest" name="logoutFromApplication" time="2.616"/>
</testsuite> <!-- com.qa.freecrm.tests.LoginPageTest -->
