<?xml version="1.0" encoding="UTF-8"?>
<!-- Generated by org.testng.reporters.JUnitReportReporter -->
<testsuite hostname="Amits-MacBook-Air.local" failures="0" tests="2" name="com.qa.freecrm.tests.CalenderPageTest" time="6.753" errors="0" timestamp="30 Aug 2020 05:09:27 GMT" skipped="0">
  <testcase classname="com.qa.freecrm.tests.CalenderPageTest" name="loginToApplication" time="3.892"/>
  <testcase classname="com.qa.freecrm.tests.CalenderPageTest" name="verifyWeAreInCalenderpageAndCnnfirmTitle" time="2.861"/>
</testsuite> <!-- com.qa.freecrm.tests.CalenderPageTest -->
