<?xml version="1.0" encoding="UTF-8"?>
<!-- Generated by org.testng.reporters.JUnitReportReporter -->
<testsuite hostname="Amits-MacBook-Air.local" failures="0" tests="3" name="com.qa.orangehrm.tests.CreateUserAdminTest" time="8.106" errors="0" timestamp="29 Aug 2020 02:57:53 GMT" skipped="0">
  <testcase classname="com.qa.orangehrm.tests.CreateUserAdminTest" name="verifyPage" time="0.074"/>
  <testcase classname="com.qa.orangehrm.tests.CreateUserAdminTest" name="loginToApplication" time="3.613"/>
  <testcase classname="com.qa.orangehrm.tests.CreateUserAdminTest" name="createUserFromAdminApplication" time="4.419"/>
</testsuite> <!-- com.qa.orangehrm.tests.CreateUserAdminTest -->
